<?xml version="1.0" encoding="UTF-8"?>
<!-- Generated by org.testng.reporters.JUnitReportReporter -->
<testsuite hostname="DESKTOP-4D3USP3" name="com.test.NewTest" tests="1" failures="0" timestamp="27 Apr 2017 11:02:59 GMT" time="9.216" errors="0">
  <testcase name="f" time="9.216" classname="com.test.NewTest"/>
</testsuite> <!-- com.test.NewTest -->
