<?xml version="1.0" encoding="UTF-8"?>
<!-- Generated by org.testng.reporters.JUnitReportReporter -->
<testsuite hostname="DESKTOP-4D3USP3" name="com.test.NewTest" tests="1" failures="0" timestamp="27 Apr 2017 12:53:28 GMT" time="11.132" errors="0">
  <testcase name="f" time="11.132" classname="com.test.NewTest"/>
</testsuite> <!-- com.test.NewTest -->
